
18:15:07.649 [error] Task #PID<0.116.0> started from #PID<0.105.0> terminating
** (FunctionClauseError) no function clause matching in HermesTrictrac.Training.TrictracBridge.current_turn_leaf_cache_key/3
    lib/hermes_trictrac/training/trictrac_bridge.ex:1251: HermesTrictrac.Training.TrictracBridge.current_turn_leaf_cache_key(%{dice: %{values: [2, 5], moves: [2, 5], moves_left: [2, 5], moves_played: []}, board: %{points: [%{black: 15, white: 0}, %{black: 0, white: 0}, %{black: 0, white: 0}, %{black: 0, white: 0}, %{black: 0, white: 0}, %{black: 0, white: 0}, %{black: 0, white: 0}, %{black: 0, white: 0}, %{black: 0, white: 0}, %{black: 0, white: 0}, %{black: 0, white: 0}, %{black: 0, white: 0}, %{black: 0, white: 0}, %{black: 0, white: 0}, %{black: 0, white: 0}, %{black: 0, white: 0}, %{black: 0, white: 0}, %{black: 0, white: 0}, %{black: 0, white: 0}, %{black: 0, white: 0}, %{black: 0, white: 0}, %{black: 0, white: 0}, %{black: 0, white: 0}, %{black: 0, white: 15}], outside: %{black: 0, white: 0}, bar: %{black: 0, white: 0}}}, %{color: :white, dice: %{values: [2, 5], moves: [2, 5], moves_left: [2, 5], moves_played: []}, trictrac: %{options: %{"margotEnabled" => false}, score: [%HermesTrictrac.Rules.Trictrac.Classique.ScoreEntry{points: 0, trous: 0, bredouille: false, doubling_active: true, grande_bredouille: false, etendard: false}, %HermesTrictrac.Rules.Trictrac.Classique.ScoreEntry{points: 0, trous: 0, bredouille: false, doubling_active: true, grande_bredouille: false, etendard: false}], turn: %HermesTrictrac.Rules.Trictrac.Classique.TurnState{piece_type: :white, events: [], score_by_type: %{black: 0, white: 0}, obligations: %HermesTrictrac.Rules.Trictrac.Classique.Obligation{piece_type: nil, must_fill: [], must_conserve: []}, conservation_candidates: [], pile_misere_candidate: nil, pile_misere_pending: false, trous_before: %{black: 0, white: 0}, trous_after: %{black: 0, white: 0}, can_reprise: false, reprise_color: nil, start_board: %{points: [%{black: 15, white: 0}, %{black: 0, white: 0}, %{black: 0, white: 0}, %{black: 0, white: 0}, %{black: 0, white: 0}, %{black: 0, white: 0}, %{black: 0, white: 0}, %{black: 0, white: 0}, %{black: 0, white: 0}, %{black: 0, white: 0}, %{black: 0, white: 0}, %{black: 0, white: 0}, %{black: 0, white: 0}, %{black: 0, white: 0}, %{black: 0, white: 0}, %{black: 0, ...}, ...], ...}, ...}, ...}, ...}, :white)
    lib/hermes_trictrac/training/trictrac_bridge.ex:972: anonymous fn/4 in HermesTrictrac.Training.TrictracBridge.current_turn_best_leaf/4
    lib/hermes_trictrac/training/trictrac_bridge.ex:1229: HermesTrictrac.Training.TrictracBridge.memoized/3
    lib/hermes_trictrac/training/trictrac_bridge.ex:1009: anonymous fn/4 in HermesTrictrac.Training.TrictracBridge.current_turn_value/4
    lib/hermes_trictrac/training/trictrac_bridge.ex:1229: HermesTrictrac.Training.TrictracBridge.memoized/3
    lib/hermes_trictrac/training/trictrac_bridge.ex:950: anonymous fn/5 in HermesTrictrac.Training.TrictracBridge.projected_roll_runtime/4
    (elixir 1.19.5) lib/task/supervised.ex:105: Task.Supervised.invoke_mfa/2
    (elixir 1.19.5) lib/task/supervised.ex:40: Task.Supervised.reply/4
Function: &:erlang.apply/2
    Args: [#Function<12.112705815/1 in HermesTrictrac.Training.TrictracBridge.dice_class_results/3>, [{2, 5, 0.05555555555555555}]]

18:15:07.649 [error] Task #PID<0.118.0> started from #PID<0.105.0> terminating
** (FunctionClauseError) no function clause matching in HermesTrictrac.Training.TrictracBridge.current_turn_leaf_cache_key/3
    lib/hermes_trictrac/training/trictrac_bridge.ex:1251: HermesTrictrac.Training.TrictracBridge.current_turn_leaf_cache_key(%{dice: %{values: [3, 3], moves: [3, 3, 3, 3], moves_left: [3, 3, 3, 3], moves_played: []}, board: %{points: [%{black: 15, white: 0}, %{black: 0, white: 0}, %{black: 0, white: 0}, %{black: 0, white: 0}, %{black: 0, white: 0}, %{black: 0, white: 0}, %{black: 0, white: 0}, %{black: 0, white: 0}, %{black: 0, white: 0}, %{black: 0, white: 0}, %{black: 0, white: 0}, %{black: 0, white: 0}, %{black: 0, white: 0}, %{black: 0, white: 0}, %{black: 0, white: 0}, %{black: 0, white: 0}, %{black: 0, white: 0}, %{black: 0, white: 0}, %{black: 0, white: 0}, %{black: 0, white: 0}, %{black: 0, white: 0}, %{black: 0, white: 0}, %{black: 0, white: 0}, %{black: 0, white: 15}], outside: %{black: 0, white: 0}, bar: %{black: 0, white: 0}}}, %{color: :white, dice: %{values: [3, 3], moves: [3, 3, 3, 3], moves_left: [3, 3, 3, 3], moves_played: []}, trictrac: %{options: %{"margotEnabled" => false}, score: [%HermesTrictrac.Rules.Trictrac.Classique.ScoreEntry{points: 0, trous: 0, bredouille: false, doubling_active: true, grande_bredouille: false, etendard: false}, %HermesTrictrac.Rules.Trictrac.Classique.ScoreEntry{points: 0, trous: 0, bredouille: false, doubling_active: true, grande_bredouille: false, etendard: false}], turn: %HermesTrictrac.Rules.Trictrac.Classique.TurnState{piece_type: :white, events: [], score_by_type: %{black: 0, white: 0}, obligations: %HermesTrictrac.Rules.Trictrac.Classique.Obligation{piece_type: nil, must_fill: [], must_conserve: []}, conservation_candidates: [], pile_misere_candidate: nil, pile_misere_pending: false, trous_before: %{black: 0, white: 0}, trous_after: %{black: 0, white: 0}, can_reprise: false, reprise_color: nil, start_board: %{points: [%{black: 15, white: 0}, %{black: 0, white: 0}, %{black: 0, white: 0}, %{black: 0, white: 0}, %{black: 0, white: 0}, %{black: 0, white: 0}, %{black: 0, white: 0}, %{black: 0, white: 0}, %{black: 0, white: 0}, %{black: 0, white: 0}, %{black: 0, white: 0}, %{black: 0, white: 0}, %{black: 0, white: 0}, %{black: 0, white: 0}, %{...}, ...], ...}, ...}, ...}, ...}, :white)
    lib/hermes_trictrac/training/trictrac_bridge.ex:972: anonymous fn/4 in HermesTrictrac.Training.TrictracBridge.current_turn_best_leaf/4
    lib/hermes_trictrac/training/trictrac_bridge.ex:1229: HermesTrictrac.Training.TrictracBridge.memoized/3
    lib/hermes_trictrac/training/trictrac_bridge.ex:1009: anonymous fn/4 in HermesTrictrac.Training.TrictracBridge.current_turn_value/4
    lib/hermes_trictrac/training/trictrac_bridge.ex:1229: HermesTrictrac.Training.TrictracBridge.memoized/3
    lib/hermes_trictrac/training/trictrac_bridge.ex:950: anonymous fn/5 in HermesTrictrac.Training.TrictracBridge.projected_roll_runtime/4
    (elixir 1.19.5) lib/task/supervised.ex:105: Task.Supervised.invoke_mfa/2
    (elixir 1.19.5) lib/task/supervised.ex:40: Task.Supervised.reply/4
Function: &:erlang.apply/2
    Args: [#Function<12.112705815/1 in HermesTrictrac.Training.TrictracBridge.dice_class_results/3>, [{3, 3, 0.027777777777777776}]]

18:15:07.649 [error] Task #PID<0.114.0> started from #PID<0.105.0> terminating
** (FunctionClauseError) no function clause matching in HermesTrictrac.Training.TrictracBridge.current_turn_leaf_cache_key/3
    lib/hermes_trictrac/training/trictrac_bridge.ex:1251: HermesTrictrac.Training.TrictracBridge.current_turn_leaf_cache_key(%{dice: %{values: [2, 3], moves: [2, 3], moves_left: [2, 3], moves_played: []}, board: %{points: [%{black: 15, white: 0}, %{black: 0, white: 0}, %{black: 0, white: 0}, %{black: 0, white: 0}, %{black: 0, white: 0}, %{black: 0, white: 0}, %{black: 0, white: 0}, %{black: 0, white: 0}, %{black: 0, white: 0}, %{black: 0, white: 0}, %{black: 0, white: 0}, %{black: 0, white: 0}, %{black: 0, white: 0}, %{black: 0, white: 0}, %{black: 0, white: 0}, %{black: 0, white: 0}, %{black: 0, white: 0}, %{black: 0, white: 0}, %{black: 0, white: 0}, %{black: 0, white: 0}, %{black: 0, white: 0}, %{black: 0, white: 0}, %{black: 0, white: 0}, %{black: 0, white: 15}], outside: %{black: 0, white: 0}, bar: %{black: 0, white: 0}}}, %{color: :white, dice: %{values: [2, 3], moves: [2, 3], moves_left: [2, 3], moves_played: []}, trictrac: %{options: %{"margotEnabled" => false}, score: [%HermesTrictrac.Rules.Trictrac.Classique.ScoreEntry{points: 0, trous: 0, bredouille: false, doubling_active: true, grande_bredouille: false, etendard: false}, %HermesTrictrac.Rules.Trictrac.Classique.ScoreEntry{points: 0, trous: 0, bredouille: false, doubling_active: true, grande_bredouille: false, etendard: false}], turn: %HermesTrictrac.Rules.Trictrac.Classique.TurnState{piece_type: :white, events: [], score_by_type: %{black: 0, white: 0}, obligations: %HermesTrictrac.Rules.Trictrac.Classique.Obligation{piece_type: nil, must_fill: [], must_conserve: []}, conservation_candidates: [], pile_misere_candidate: nil, pile_misere_pending: false, trous_before: %{black: 0, white: 0}, trous_after: %{black: 0, white: 0}, can_reprise: false, reprise_color: nil, start_board: %{points: [%{black: 15, white: 0}, %{black: 0, white: 0}, %{black: 0, white: 0}, %{black: 0, white: 0}, %{black: 0, white: 0}, %{black: 0, white: 0}, %{black: 0, white: 0}, %{black: 0, white: 0}, %{black: 0, white: 0}, %{black: 0, white: 0}, %{black: 0, white: 0}, %{black: 0, white: 0}, %{black: 0, white: 0}, %{black: 0, white: 0}, %{black: 0, white: 0}, %{black: 0, ...}, ...], ...}, ...}, ...}, ...}, :white)
    lib/hermes_trictrac/training/trictrac_bridge.ex:972: anonymous fn/4 in HermesTrictrac.Training.TrictracBridge.current_turn_best_leaf/4
    lib/hermes_trictrac/training/trictrac_bridge.ex:1229: HermesTrictrac.Training.TrictracBridge.memoized/3
    lib/hermes_trictrac/training/trictrac_bridge.ex:1009: anonymous fn/4 in HermesTrictrac.Training.TrictracBridge.current_turn_value/4
    lib/hermes_trictrac/training/trictrac_bridge.ex:1229: HermesTrictrac.Training.TrictracBridge.memoized/3
    lib/hermes_trictrac/training/trictrac_bridge.ex:950: anonymous fn/5 in HermesTrictrac.Training.TrictracBridge.projected_roll_runtime/4
    (elixir 1.19.5) lib/task/supervised.ex:105: Task.Supervised.invoke_mfa/2
    (elixir 1.19.5) lib/task/supervised.ex:40: Task.Supervised.reply/4
Function: &:erlang.apply/2
    Args: [#Function<12.112705815/1 in HermesTrictrac.Training.TrictracBridge.dice_class_results/3>, [{2, 3, 0.05555555555555555}]]

18:15:07.649 [error] Task #PID<0.108.0> started from #PID<0.105.0> terminating
** (FunctionClauseError) no function clause matching in HermesTrictrac.Training.TrictracBridge.current_turn_leaf_cache_key/3
    lib/hermes_trictrac/training/trictrac_bridge.ex:1251: HermesTrictrac.Training.TrictracBridge.current_turn_leaf_cache_key(%{dice: %{values: [1, 2], moves: [1, 2], moves_left: [1, 2], moves_played: []}, board: %{points: [%{black: 15, white: 0}, %{black: 0, white: 0}, %{black: 0, white: 0}, %{black: 0, white: 0}, %{black: 0, white: 0}, %{black: 0, white: 0}, %{black: 0, white: 0}, %{black: 0, white: 0}, %{black: 0, white: 0}, %{black: 0, white: 0}, %{black: 0, white: 0}, %{black: 0, white: 0}, %{black: 0, white: 0}, %{black: 0, white: 0}, %{black: 0, white: 0}, %{black: 0, white: 0}, %{black: 0, white: 0}, %{black: 0, white: 0}, %{black: 0, white: 0}, %{black: 0, white: 0}, %{black: 0, white: 0}, %{black: 0, white: 0}, %{black: 0, white: 0}, %{black: 0, white: 15}], outside: %{black: 0, white: 0}, bar: %{black: 0, white: 0}}}, %{color: :white, dice: %{values: [1, 2], moves: [1, 2], moves_left: [1, 2], moves_played: []}, trictrac: %{options: %{"margotEnabled" => false}, score: [%HermesTrictrac.Rules.Trictrac.Classique.ScoreEntry{points: 0, trous: 0, bredouille: false, doubling_active: true, grande_bredouille: false, etendard: false}, %HermesTrictrac.Rules.Trictrac.Classique.ScoreEntry{points: 0, trous: 0, bredouille: false, doubling_active: true, grande_bredouille: false, etendard: false}], turn: %HermesTrictrac.Rules.Trictrac.Classique.TurnState{piece_type: :white, events: [], score_by_type: %{black: 0, white: 0}, obligations: %HermesTrictrac.Rules.Trictrac.Classique.Obligation{piece_type: nil, must_fill: [], must_conserve: []}, conservation_candidates: [], pile_misere_candidate: nil, pile_misere_pending: false, trous_before: %{black: 0, white: 0}, trous_after: %{black: 0, white: 0}, can_reprise: false, reprise_color: nil, start_board: %{points: [%{black: 15, white: 0}, %{black: 0, white: 0}, %{black: 0, white: 0}, %{black: 0, white: 0}, %{black: 0, white: 0}, %{black: 0, white: 0}, %{black: 0, white: 0}, %{black: 0, white: 0}, %{black: 0, white: 0}, %{black: 0, white: 0}, %{black: 0, white: 0}, %{black: 0, white: 0}, %{black: 0, white: 0}, %{black: 0, white: 0}, %{black: 0, white: 0}, %{black: 0, ...}, ...], ...}, ...}, ...}, ...}, :white)
    lib/hermes_trictrac/training/trictrac_bridge.ex:972: anonymous fn/4 in HermesTrictrac.Training.TrictracBridge.current_turn_best_leaf/4
    lib/hermes_trictrac/training/trictrac_bridge.ex:1229: HermesTrictrac.Training.TrictracBridge.memoized/3
    lib/hermes_trictrac/training/trictrac_bridge.ex:1009: anonymous fn/4 in HermesTrictrac.Training.TrictracBridge.current_turn_value/4
    lib/hermes_trictrac/training/trictrac_bridge.ex:1229: HermesTrictrac.Training.TrictracBridge.memoized/3
    lib/hermes_trictrac/training/trictrac_bridge.ex:950: anonymous fn/5 in HermesTrictrac.Training.TrictracBridge.projected_roll_runtime/4
    (elixir 1.19.5) lib/task/supervised.ex:105: Task.Supervised.invoke_mfa/2
    (elixir 1.19.5) lib/task/supervised.ex:40: Task.Supervised.reply/4
Function: &:erlang.apply/2
    Args: [#Function<12.112705815/1 in HermesTrictrac.Training.TrictracBridge.dice_class_results/3>, [{1, 2, 0.05555555555555555}]]

18:15:07.649 [error] Task #PID<0.115.0> started from #PID<0.105.0> terminating
** (FunctionClauseError) no function clause matching in HermesTrictrac.Training.TrictracBridge.current_turn_leaf_cache_key/3
    lib/hermes_trictrac/training/trictrac_bridge.ex:1251: HermesTrictrac.Training.TrictracBridge.current_turn_leaf_cache_key(%{dice: %{values: [2, 4], moves: [2, 4], moves_left: [2, 4], moves_played: []}, board: %{points: [%{black: 15, white: 0}, %{black: 0, white: 0}, %{black: 0, white: 0}, %{black: 0, white: 0}, %{black: 0, white: 0}, %{black: 0, white: 0}, %{black: 0, white: 0}, %{black: 0, white: 0}, %{black: 0, white: 0}, %{black: 0, white: 0}, %{black: 0, white: 0}, %{black: 0, white: 0}, %{black: 0, white: 0}, %{black: 0, white: 0}, %{black: 0, white: 0}, %{black: 0, white: 0}, %{black: 0, white: 0}, %{black: 0, white: 0}, %{black: 0, white: 0}, %{black: 0, white: 0}, %{black: 0, white: 0}, %{black: 0, white: 0}, %{black: 0, white: 0}, %{black: 0, white: 15}], outside: %{black: 0, white: 0}, bar: %{black: 0, white: 0}}}, %{color: :white, dice: %{values: [2, 4], moves: [2, 4], moves_left: [2, 4], moves_played: []}, trictrac: %{options: %{"margotEnabled" => false}, score: [%HermesTrictrac.Rules.Trictrac.Classique.ScoreEntry{points: 0, trous: 0, bredouille: false, doubling_active: true, grande_bredouille: false, etendard: false}, %HermesTrictrac.Rules.Trictrac.Classique.ScoreEntry{points: 0, trous: 0, bredouille: false, doubling_active: true, grande_bredouille: false, etendard: false}], turn: %HermesTrictrac.Rules.Trictrac.Classique.TurnState{piece_type: :white, events: [], score_by_type: %{black: 0, white: 0}, obligations: %HermesTrictrac.Rules.Trictrac.Classique.Obligation{piece_type: nil, must_fill: [], must_conserve: []}, conservation_candidates: [], pile_misere_candidate: nil, pile_misere_pending: false, trous_before: %{black: 0, white: 0}, trous_after: %{black: 0, white: 0}, can_reprise: false, reprise_color: nil, start_board: %{points: [%{black: 15, white: 0}, %{black: 0, white: 0}, %{black: 0, white: 0}, %{black: 0, white: 0}, %{black: 0, white: 0}, %{black: 0, white: 0}, %{black: 0, white: 0}, %{black: 0, white: 0}, %{black: 0, white: 0}, %{black: 0, white: 0}, %{black: 0, white: 0}, %{black: 0, white: 0}, %{black: 0, white: 0}, %{black: 0, white: 0}, %{black: 0, white: 0}, %{black: 0, ...}, ...], ...}, ...}, ...}, ...}, :white)
    lib/hermes_trictrac/training/trictrac_bridge.ex:972: anonymous fn/4 in HermesTrictrac.Training.TrictracBridge.current_turn_best_leaf/4
    lib/hermes_trictrac/training/trictrac_bridge.ex:1229: HermesTrictrac.Training.TrictracBridge.memoized/3
    lib/hermes_trictrac/training/trictrac_bridge.ex:1009: anonymous fn/4 in HermesTrictrac.Training.TrictracBridge.current_turn_value/4
    lib/hermes_trictrac/training/trictrac_bridge.ex:1229: HermesTrictrac.Training.TrictracBridge.memoized/3
    lib/hermes_trictrac/training/trictrac_bridge.ex:950: anonymous fn/5 in HermesTrictrac.Training.TrictracBridge.projected_roll_runtime/4
    (elixir 1.19.5) lib/task/supervised.ex:105: Task.Supervised.invoke_mfa/2
    (elixir 1.19.5) lib/task/supervised.ex:40: Task.Supervised.reply/4
Function: &:erlang.apply/2
    Args: [#Function<12.112705815/1 in HermesTrictrac.Training.TrictracBridge.dice_class_results/3>, [{2, 4, 0.05555555555555555}]]

18:15:07.648 [error] Task #PID<0.111.0> started from #PID<0.105.0> terminating
** (FunctionClauseError) no function clause matching in HermesTrictrac.Training.TrictracBridge.current_turn_leaf_cache_key/3
    lib/hermes_trictrac/training/trictrac_bridge.ex:1251: HermesTrictrac.Training.TrictracBridge.current_turn_leaf_cache_key(%{dice: %{values: [1, 5], moves: [1, 5], moves_left: [1, 5], moves_played: []}, board: %{points: [%{black: 15, white: 0}, %{black: 0, white: 0}, %{black: 0, white: 0}, %{black: 0, white: 0}, %{black: 0, white: 0}, %{black: 0, white: 0}, %{black: 0, white: 0}, %{black: 0, white: 0}, %{black: 0, white: 0}, %{black: 0, white: 0}, %{black: 0, white: 0}, %{black: 0, white: 0}, %{black: 0, white: 0}, %{black: 0, white: 0}, %{black: 0, white: 0}, %{black: 0, white: 0}, %{black: 0, white: 0}, %{black: 0, white: 0}, %{black: 0, white: 0}, %{black: 0, white: 0}, %{black: 0, white: 0}, %{black: 0, white: 0}, %{black: 0, white: 0}, %{black: 0, white: 15}], outside: %{black: 0, white: 0}, bar: %{black: 0, white: 0}}}, %{color: :white, dice: %{values: [1, 5], moves: [1, 5], moves_left: [1, 5], moves_played: []}, trictrac: %{options: %{"margotEnabled" => false}, score: [%HermesTrictrac.Rules.Trictrac.Classique.ScoreEntry{points: 0, trous: 0, bredouille: false, doubling_active: true, grande_bredouille: false, etendard: false}, %HermesTrictrac.Rules.Trictrac.Classique.ScoreEntry{points: 0, trous: 0, bredouille: false, doubling_active: true, grande_bredouille: false, etendard: false}], turn: %HermesTrictrac.Rules.Trictrac.Classique.TurnState{piece_type: :white, events: [], score_by_type: %{black: 0, white: 0}, obligations: %HermesTrictrac.Rules.Trictrac.Classique.Obligation{piece_type: nil, must_fill: [], must_conserve: []}, conservation_candidates: [], pile_misere_candidate: nil, pile_misere_pending: false, trous_before: %{black: 0, white: 0}, trous_after: %{black: 0, white: 0}, can_reprise: false, reprise_color: nil, start_board: %{points: [%{black: 15, white: 0}, %{black: 0, white: 0}, %{black: 0, white: 0}, %{black: 0, white: 0}, %{black: 0, white: 0}, %{black: 0, white: 0}, %{black: 0, white: 0}, %{black: 0, white: 0}, %{black: 0, white: 0}, %{black: 0, white: 0}, %{black: 0, white: 0}, %{black: 0, white: 0}, %{black: 0, white: 0}, %{black: 0, white: 0}, %{black: 0, white: 0}, %{black: 0, ...}, ...], ...}, ...}, ...}, ...}, :white)
    lib/hermes_trictrac/training/trictrac_bridge.ex:972: anonymous fn/4 in HermesTrictrac.Training.TrictracBridge.current_turn_best_leaf/4
    lib/hermes_trictrac/training/trictrac_bridge.ex:1229: HermesTrictrac.Training.TrictracBridge.memoized/3
    lib/hermes_trictrac/training/trictrac_bridge.ex:1009: anonymous fn/4 in HermesTrictrac.Training.TrictracBridge.current_turn_value/4
    lib/hermes_trictrac/training/trictrac_bridge.ex:1229: HermesTrictrac.Training.TrictracBridge.memoized/3
    lib/hermes_trictrac/training/trictrac_bridge.ex:950: anonymous fn/5 in HermesTrictrac.Training.TrictracBridge.projected_roll_runtime/4
    (elixir 1.19.5) lib/task/supervised.ex:105: Task.Supervised.invoke_mfa/2
    (elixir 1.19.5) lib/task/supervised.ex:40: Task.Supervised.reply/4
Function: &:erlang.apply/2
    Args: [#Function<12.112705815/1 in HermesTrictrac.Training.TrictracBridge.dice_class_results/3>, [{1, 5, 0.05555555555555555}]]

18:15:07.649 [error] Task #PID<0.107.0> started from #PID<0.105.0> terminating
** (FunctionClauseError) no function clause matching in HermesTrictrac.Training.TrictracBridge.current_turn_leaf_cache_key/3
    lib/hermes_trictrac/training/trictrac_bridge.ex:1251: HermesTrictrac.Training.TrictracBridge.current_turn_leaf_cache_key(%{dice: %{values: [1, 1], moves: [1, 1, 1, 1], moves_left: [1, 1, 1, 1], moves_played: []}, board: %{points: [%{black: 15, white: 0}, %{black: 0, white: 0}, %{black: 0, white: 0}, %{black: 0, white: 0}, %{black: 0, white: 0}, %{black: 0, white: 0}, %{black: 0, white: 0}, %{black: 0, white: 0}, %{black: 0, white: 0}, %{black: 0, white: 0}, %{black: 0, white: 0}, %{black: 0, white: 0}, %{black: 0, white: 0}, %{black: 0, white: 0}, %{black: 0, white: 0}, %{black: 0, white: 0}, %{black: 0, white: 0}, %{black: 0, white: 0}, %{black: 0, white: 0}, %{black: 0, white: 0}, %{black: 0, white: 0}, %{black: 0, white: 0}, %{black: 0, white: 0}, %{black: 0, white: 15}], outside: %{black: 0, white: 0}, bar: %{black: 0, white: 0}}}, %{color: :white, dice: %{values: [1, 1], moves: [1, 1, 1, 1], moves_left: [1, 1, 1, 1], moves_played: []}, trictrac: %{options: %{"margotEnabled" => false}, score: [%HermesTrictrac.Rules.Trictrac.Classique.ScoreEntry{points: 0, trous: 0, bredouille: false, doubling_active: true, grande_bredouille: false, etendard: false}, %HermesTrictrac.Rules.Trictrac.Classique.ScoreEntry{points: 0, trous: 0, bredouille: false, doubling_active: true, grande_bredouille: false, etendard: false}], turn: %HermesTrictrac.Rules.Trictrac.Classique.TurnState{piece_type: :white, events: [], score_by_type: %{black: 0, white: 0}, obligations: %HermesTrictrac.Rules.Trictrac.Classique.Obligation{piece_type: nil, must_fill: [], must_conserve: []}, conservation_candidates: [], pile_misere_candidate: nil, pile_misere_pending: false, trous_before: %{black: 0, white: 0}, trous_after: %{black: 0, white: 0}, can_reprise: false, reprise_color: nil, start_board: %{points: [%{black: 15, white: 0}, %{black: 0, white: 0}, %{black: 0, white: 0}, %{black: 0, white: 0}, %{black: 0, white: 0}, %{black: 0, white: 0}, %{black: 0, white: 0}, %{black: 0, white: 0}, %{black: 0, white: 0}, %{black: 0, white: 0}, %{black: 0, white: 0}, %{black: 0, white: 0}, %{black: 0, white: 0}, %{black: 0, white: 0}, %{...}, ...], ...}, ...}, ...}, ...}, :white)
    lib/hermes_trictrac/training/trictrac_bridge.ex:972: anonymous fn/4 in HermesTrictrac.Training.TrictracBridge.current_turn_best_leaf/4
    lib/hermes_trictrac/training/trictrac_bridge.ex:1229: HermesTrictrac.Training.TrictracBridge.memoized/3
    lib/hermes_trictrac/training/trictrac_bridge.ex:1009: anonymous fn/4 in HermesTrictrac.Training.TrictracBridge.current_turn_value/4
    lib/hermes_trictrac/training/trictrac_bridge.ex:1229: HermesTrictrac.Training.TrictracBridge.memoized/3
    lib/hermes_trictrac/training/trictrac_bridge.ex:950: anonymous fn/5 in HermesTrictrac.Training.TrictracBridge.projected_roll_runtime/4
    (elixir 1.19.5) lib/task/supervised.ex:105: Task.Supervised.invoke_mfa/2
    (elixir 1.19.5) lib/task/supervised.ex:40: Task.Supervised.reply/4
Function: &:erlang.apply/2
    Args: [#Function<12.112705815/1 in HermesTrictrac.Training.TrictracBridge.dice_class_results/3>, [{1, 1, 0.027777777777777776}]]

18:15:07.648 [error] Task #PID<0.117.0> started from #PID<0.105.0> terminating
** (FunctionClauseError) no function clause matching in HermesTrictrac.Training.TrictracBridge.current_turn_leaf_cache_key/3
    lib/hermes_trictrac/training/trictrac_bridge.ex:1251: HermesTrictrac.Training.TrictracBridge.current_turn_leaf_cache_key(%{dice: %{values: [2, 6], moves: [2, 6], moves_left: [2, 6], moves_played: []}, board: %{points: [%{black: 15, white: 0}, %{black: 0, white: 0}, %{black: 0, white: 0}, %{black: 0, white: 0}, %{black: 0, white: 0}, %{black: 0, white: 0}, %{black: 0, white: 0}, %{black: 0, white: 0}, %{black: 0, white: 0}, %{black: 0, white: 0}, %{black: 0, white: 0}, %{black: 0, white: 0}, %{black: 0, white: 0}, %{black: 0, white: 0}, %{black: 0, white: 0}, %{black: 0, white: 0}, %{black: 0, white: 0}, %{black: 0, white: 0}, %{black: 0, white: 0}, %{black: 0, white: 0}, %{black: 0, white: 0}, %{black: 0, white: 0}, %{black: 0, white: 0}, %{black: 0, white: 15}], outside: %{black: 0, white: 0}, bar: %{black: 0, white: 0}}}, %{color: :white, dice: %{values: [2, 6], moves: [2, 6], moves_left: [2, 6], moves_played: []}, trictrac: %{options: %{"margotEnabled" => false}, score: [%HermesTrictrac.Rules.Trictrac.Classique.ScoreEntry{points: 0, trous: 0, bredouille: false, doubling_active: true, grande_bredouille: false, etendard: false}, %HermesTrictrac.Rules.Trictrac.Classique.ScoreEntry{points: 0, trous: 0, bredouille: false, doubling_active: true, grande_bredouille: false, etendard: false}], turn: %HermesTrictrac.Rules.Trictrac.Classique.TurnState{piece_type: :white, events: [], score_by_type: %{black: 0, white: 0}, obligations: %HermesTrictrac.Rules.Trictrac.Classique.Obligation{piece_type: nil, must_fill: [], must_conserve: []}, conservation_candidates: [], pile_misere_candidate: nil, pile_misere_pending: false, trous_before: %{black: 0, white: 0}, trous_after: %{black: 0, white: 0}, can_reprise: false, reprise_color: nil, start_board: %{points: [%{black: 15, white: 0}, %{black: 0, white: 0}, %{black: 0, white: 0}, %{black: 0, white: 0}, %{black: 0, white: 0}, %{black: 0, white: 0}, %{black: 0, white: 0}, %{black: 0, white: 0}, %{black: 0, white: 0}, %{black: 0, white: 0}, %{black: 0, white: 0}, %{black: 0, white: 0}, %{black: 0, white: 0}, %{black: 0, white: 0}, %{black: 0, white: 0}, %{black: 0, ...}, ...], ...}, ...}, ...}, ...}, :white)
    lib/hermes_trictrac/training/trictrac_bridge.ex:972: anonymous fn/4 in HermesTrictrac.Training.TrictracBridge.current_turn_best_leaf/4
    lib/hermes_trictrac/training/trictrac_bridge.ex:1229: HermesTrictrac.Training.TrictracBridge.memoized/3
    lib/hermes_trictrac/training/trictrac_bridge.ex:1009: anonymous fn/4 in HermesTrictrac.Training.TrictracBridge.current_turn_value/4
    lib/hermes_trictrac/training/trictrac_bridge.ex:1229: HermesTrictrac.Training.TrictracBridge.memoized/3
    lib/hermes_trictrac/training/trictrac_bridge.ex:950: anonymous fn/5 in HermesTrictrac.Training.TrictracBridge.projected_roll_runtime/4
    (elixir 1.19.5) lib/task/supervised.ex:105: Task.Supervised.invoke_mfa/2
    (elixir 1.19.5) lib/task/supervised.ex:40: Task.Supervised.reply/4
Function: &:erlang.apply/2
    Args: [#Function<12.112705815/1 in HermesTrictrac.Training.TrictracBridge.dice_class_results/3>, [{2, 6, 0.05555555555555555}]]

18:15:07.649 [error] Task #PID<0.109.0> started from #PID<0.105.0> terminating
** (FunctionClauseError) no function clause matching in HermesTrictrac.Training.TrictracBridge.current_turn_leaf_cache_key/3
    lib/hermes_trictrac/training/trictrac_bridge.ex:1251: HermesTrictrac.Training.TrictracBridge.current_turn_leaf_cache_key(%{dice: %{values: [1, 3], moves: [1, 3], moves_left: [1, 3], moves_played: []}, board: %{points: [%{black: 15, white: 0}, %{black: 0, white: 0}, %{black: 0, white: 0}, %{black: 0, white: 0}, %{black: 0, white: 0}, %{black: 0, white: 0}, %{black: 0, white: 0}, %{black: 0, white: 0}, %{black: 0, white: 0}, %{black: 0, white: 0}, %{black: 0, white: 0}, %{black: 0, white: 0}, %{black: 0, white: 0}, %{black: 0, white: 0}, %{black: 0, white: 0}, %{black: 0, white: 0}, %{black: 0, white: 0}, %{black: 0, white: 0}, %{black: 0, white: 0}, %{black: 0, white: 0}, %{black: 0, white: 0}, %{black: 0, white: 0}, %{black: 0, white: 0}, %{black: 0, white: 15}], outside: %{black: 0, white: 0}, bar: %{black: 0, white: 0}}}, %{color: :white, dice: %{values: [1, 3], moves: [1, 3], moves_left: [1, 3], moves_played: []}, trictrac: %{options: %{"margotEnabled" => false}, score: [%HermesTrictrac.Rules.Trictrac.Classique.ScoreEntry{points: 0, trous: 0, bredouille: false, doubling_active: true, grande_bredouille: false, etendard: false}, %HermesTrictrac.Rules.Trictrac.Classique.ScoreEntry{points: 0, trous: 0, bredouille: false, doubling_active: true, grande_bredouille: false, etendard: false}], turn: %HermesTrictrac.Rules.Trictrac.Classique.TurnState{piece_type: :white, events: [], score_by_type: %{black: 0, white: 0}, obligations: %HermesTrictrac.Rules.Trictrac.Classique.Obligation{piece_type: nil, must_fill: [], must_conserve: []}, conservation_candidates: [], pile_misere_candidate: nil, pile_misere_pending: false, trous_before: %{black: 0, white: 0}, trous_after: %{black: 0, white: 0}, can_reprise: false, reprise_color: nil, start_board: %{points: [%{black: 15, white: 0}, %{black: 0, white: 0}, %{black: 0, white: 0}, %{black: 0, white: 0}, %{black: 0, white: 0}, %{black: 0, white: 0}, %{black: 0, white: 0}, %{black: 0, white: 0}, %{black: 0, white: 0}, %{black: 0, white: 0}, %{black: 0, white: 0}, %{black: 0, white: 0}, %{black: 0, white: 0}, %{black: 0, white: 0}, %{black: 0, white: 0}, %{black: 0, ...}, ...], ...}, ...}, ...}, ...}, :white)
    lib/hermes_trictrac/training/trictrac_bridge.ex:972: anonymous fn/4 in HermesTrictrac.Training.TrictracBridge.current_turn_best_leaf/4
    lib/hermes_trictrac/training/trictrac_bridge.ex:1229: HermesTrictrac.Training.TrictracBridge.memoized/3
    lib/hermes_trictrac/training/trictrac_bridge.ex:1009: anonymous fn/4 in HermesTrictrac.Training.TrictracBridge.current_turn_value/4
    lib/hermes_trictrac/training/trictrac_bridge.ex:1229: HermesTrictrac.Training.TrictracBridge.memoized/3
    lib/hermes_trictrac/training/trictrac_bridge.ex:950: anonymous fn/5 in HermesTrictrac.Training.TrictracBridge.projected_roll_runtime/4
    (elixir 1.19.5) lib/task/supervised.ex:105: Task.Supervised.invoke_mfa/2
    (elixir 1.19.5) lib/task/supervised.ex:40: Task.Supervised.reply/4
Function: &:erlang.apply/2
    Args: [#Function<12.112705815/1 in HermesTrictrac.Training.TrictracBridge.dice_class_results/3>, [{1, 3, 0.05555555555555555}]]

18:15:07.649 [error] Task #PID<0.113.0> started from #PID<0.105.0> terminating
** (FunctionClauseError) no function clause matching in HermesTrictrac.Training.TrictracBridge.current_turn_leaf_cache_key/3
    lib/hermes_trictrac/training/trictrac_bridge.ex:1251: HermesTrictrac.Training.TrictracBridge.current_turn_leaf_cache_key(%{dice: %{values: [2, 2], moves: [2, 2, 2, 2], moves_left: [2, 2, 2, 2], moves_played: []}, board: %{points: [%{black: 15, white: 0}, %{black: 0, white: 0}, %{black: 0, white: 0}, %{black: 0, white: 0}, %{black: 0, white: 0}, %{black: 0, white: 0}, %{black: 0, white: 0}, %{black: 0, white: 0}, %{black: 0, white: 0}, %{black: 0, white: 0}, %{black: 0, white: 0}, %{black: 0, white: 0}, %{black: 0, white: 0}, %{black: 0, white: 0}, %{black: 0, white: 0}, %{black: 0, white: 0}, %{black: 0, white: 0}, %{black: 0, white: 0}, %{black: 0, white: 0}, %{black: 0, white: 0}, %{black: 0, white: 0}, %{black: 0, white: 0}, %{black: 0, white: 0}, %{black: 0, white: 15}], outside: %{black: 0, white: 0}, bar: %{black: 0, white: 0}}}, %{color: :white, dice: %{values: [2, 2], moves: [2, 2, 2, 2], moves_left: [2, 2, 2, 2], moves_played: []}, trictrac: %{options: %{"margotEnabled" => false}, score: [%HermesTrictrac.Rules.Trictrac.Classique.ScoreEntry{points: 0, trous: 0, bredouille: false, doubling_active: true, grande_bredouille: false, etendard: false}, %HermesTrictrac.Rules.Trictrac.Classique.ScoreEntry{points: 0, trous: 0, bredouille: false, doubling_active: true, grande_bredouille: false, etendard: false}], turn: %HermesTrictrac.Rules.Trictrac.Classique.TurnState{piece_type: :white, events: [], score_by_type: %{black: 0, white: 0}, obligations: %HermesTrictrac.Rules.Trictrac.Classique.Obligation{piece_type: nil, must_fill: [], must_conserve: []}, conservation_candidates: [], pile_misere_candidate: nil, pile_misere_pending: false, trous_before: %{black: 0, white: 0}, trous_after: %{black: 0, white: 0}, can_reprise: false, reprise_color: nil, start_board: %{points: [%{black: 15, white: 0}, %{black: 0, white: 0}, %{black: 0, white: 0}, %{black: 0, white: 0}, %{black: 0, white: 0}, %{black: 0, white: 0}, %{black: 0, white: 0}, %{black: 0, white: 0}, %{black: 0, white: 0}, %{black: 0, white: 0}, %{black: 0, white: 0}, %{black: 0, white: 0}, %{black: 0, white: 0}, %{black: 0, white: 0}, %{...}, ...], ...}, ...}, ...}, ...}, :white)
    lib/hermes_trictrac/training/trictrac_bridge.ex:972: anonymous fn/4 in HermesTrictrac.Training.TrictracBridge.current_turn_best_leaf/4
    lib/hermes_trictrac/training/trictrac_bridge.ex:1229: HermesTrictrac.Training.TrictracBridge.memoized/3
    lib/hermes_trictrac/training/trictrac_bridge.ex:1009: anonymous fn/4 in HermesTrictrac.Training.TrictracBridge.current_turn_value/4
    lib/hermes_trictrac/training/trictrac_bridge.ex:1229: HermesTrictrac.Training.TrictracBridge.memoized/3
    lib/hermes_trictrac/training/trictrac_bridge.ex:950: anonymous fn/5 in HermesTrictrac.Training.TrictracBridge.projected_roll_runtime/4
    (elixir 1.19.5) lib/task/supervised.ex:105: Task.Supervised.invoke_mfa/2
    (elixir 1.19.5) lib/task/supervised.ex:40: Task.Supervised.reply/4
Function: &:erlang.apply/2
    Args: [#Function<12.112705815/1 in HermesTrictrac.Training.TrictracBridge.dice_class_results/3>, [{2, 2, 0.027777777777777776}]]

18:15:07.648 [error] Task #PID<0.110.0> started from #PID<0.105.0> terminating
** (FunctionClauseError) no function clause matching in HermesTrictrac.Training.TrictracBridge.current_turn_leaf_cache_key/3
    lib/hermes_trictrac/training/trictrac_bridge.ex:1251: HermesTrictrac.Training.TrictracBridge.current_turn_leaf_cache_key(%{dice: %{values: [1, 4], moves: [1, 4], moves_left: [1, 4], moves_played: []}, board: %{points: [%{black: 15, white: 0}, %{black: 0, white: 0}, %{black: 0, white: 0}, %{black: 0, white: 0}, %{black: 0, white: 0}, %{black: 0, white: 0}, %{black: 0, white: 0}, %{black: 0, white: 0}, %{black: 0, white: 0}, %{black: 0, white: 0}, %{black: 0, white: 0}, %{black: 0, white: 0}, %{black: 0, white: 0}, %{black: 0, white: 0}, %{black: 0, white: 0}, %{black: 0, white: 0}, %{black: 0, white: 0}, %{black: 0, white: 0}, %{black: 0, white: 0}, %{black: 0, white: 0}, %{black: 0, white: 0}, %{black: 0, white: 0}, %{black: 0, white: 0}, %{black: 0, white: 15}], outside: %{black: 0, white: 0}, bar: %{black: 0, white: 0}}}, %{color: :white, dice: %{values: [1, 4], moves: [1, 4], moves_left: [1, 4], moves_played: []}, trictrac: %{options: %{"margotEnabled" => false}, score: [%HermesTrictrac.Rules.Trictrac.Classique.ScoreEntry{points: 0, trous: 0, bredouille: false, doubling_active: true, grande_bredouille: false, etendard: false}, %HermesTrictrac.Rules.Trictrac.Classique.ScoreEntry{points: 0, trous: 0, bredouille: false, doubling_active: true, grande_bredouille: false, etendard: false}], turn: %HermesTrictrac.Rules.Trictrac.Classique.TurnState{piece_type: :white, events: [], score_by_type: %{black: 0, white: 0}, obligations: %HermesTrictrac.Rules.Trictrac.Classique.Obligation{piece_type: nil, must_fill: [], must_conserve: []}, conservation_candidates: [], pile_misere_candidate: nil, pile_misere_pending: false, trous_before: %{black: 0, white: 0}, trous_after: %{black: 0, white: 0}, can_reprise: false, reprise_color: nil, start_board: %{points: [%{black: 15, white: 0}, %{black: 0, white: 0}, %{black: 0, white: 0}, %{black: 0, white: 0}, %{black: 0, white: 0}, %{black: 0, white: 0}, %{black: 0, white: 0}, %{black: 0, white: 0}, %{black: 0, white: 0}, %{black: 0, white: 0}, %{black: 0, white: 0}, %{black: 0, white: 0}, %{black: 0, white: 0}, %{black: 0, white: 0}, %{black: 0, white: 0}, %{black: 0, ...}, ...], ...}, ...}, ...}, ...}, :white)
    lib/hermes_trictrac/training/trictrac_bridge.ex:972: anonymous fn/4 in HermesTrictrac.Training.TrictracBridge.current_turn_best_leaf/4
    lib/hermes_trictrac/training/trictrac_bridge.ex:1229: HermesTrictrac.Training.TrictracBridge.memoized/3
    lib/hermes_trictrac/training/trictrac_bridge.ex:1009: anonymous fn/4 in HermesTrictrac.Training.TrictracBridge.current_turn_value/4
    lib/hermes_trictrac/training/trictrac_bridge.ex:1229: HermesTrictrac.Training.TrictracBridge.memoized/3
    lib/hermes_trictrac/training/trictrac_bridge.ex:950: anonymous fn/5 in HermesTrictrac.Training.TrictracBridge.projected_roll_runtime/4
    (elixir 1.19.5) lib/task/supervised.ex:105: Task.Supervised.invoke_mfa/2
    (elixir 1.19.5) lib/task/supervised.ex:40: Task.Supervised.reply/4
Function: &:erlang.apply/2
    Args: [#Function<12.112705815/1 in HermesTrictrac.Training.TrictracBridge.dice_class_results/3>, [{1, 4, 0.05555555555555555}]]

18:15:07.649 [error] Task #PID<0.112.0> started from #PID<0.105.0> terminating
** (FunctionClauseError) no function clause matching in HermesTrictrac.Training.TrictracBridge.current_turn_leaf_cache_key/3
    lib/hermes_trictrac/training/trictrac_bridge.ex:1251: HermesTrictrac.Training.TrictracBridge.current_turn_leaf_cache_key(%{dice: %{values: [1, 6], moves: [1, 6], moves_left: [1, 6], moves_played: []}, board: %{points: [%{black: 15, white: 0}, %{black: 0, white: 0}, %{black: 0, white: 0}, %{black: 0, white: 0}, %{black: 0, white: 0}, %{black: 0, white: 0}, %{black: 0, white: 0}, %{black: 0, white: 0}, %{black: 0, white: 0}, %{black: 0, white: 0}, %{black: 0, white: 0}, %{black: 0, white: 0}, %{black: 0, white: 0}, %{black: 0, white: 0}, %{black: 0, white: 0}, %{black: 0, white: 0}, %{black: 0, white: 0}, %{black: 0, white: 0}, %{black: 0, white: 0}, %{black: 0, white: 0}, %{black: 0, white: 0}, %{black: 0, white: 0}, %{black: 0, white: 0}, %{black: 0, white: 15}], outside: %{black: 0, white: 0}, bar: %{black: 0, white: 0}}}, %{color: :white, dice: %{values: [1, 6], moves: [1, 6], moves_left: [1, 6], moves_played: []}, trictrac: %{options: %{"margotEnabled" => false}, score: [%HermesTrictrac.Rules.Trictrac.Classique.ScoreEntry{points: 0, trous: 0, bredouille: false, doubling_active: true, grande_bredouille: false, etendard: false}, %HermesTrictrac.Rules.Trictrac.Classique.ScoreEntry{points: 0, trous: 0, bredouille: false, doubling_active: true, grande_bredouille: false, etendard: false}], turn: %HermesTrictrac.Rules.Trictrac.Classique.TurnState{piece_type: :white, events: [], score_by_type: %{black: 0, white: 0}, obligations: %HermesTrictrac.Rules.Trictrac.Classique.Obligation{piece_type: nil, must_fill: [], must_conserve: []}, conservation_candidates: [], pile_misere_candidate: nil, pile_misere_pending: false, trous_before: %{black: 0, white: 0}, trous_after: %{black: 0, white: 0}, can_reprise: false, reprise_color: nil, start_board: %{points: [%{black: 15, white: 0}, %{black: 0, white: 0}, %{black: 0, white: 0}, %{black: 0, white: 0}, %{black: 0, white: 0}, %{black: 0, white: 0}, %{black: 0, white: 0}, %{black: 0, white: 0}, %{black: 0, white: 0}, %{black: 0, white: 0}, %{black: 0, white: 0}, %{black: 0, white: 0}, %{black: 0, white: 0}, %{black: 0, white: 0}, %{black: 0, white: 0}, %{black: 0, ...}, ...], ...}, ...}, ...}, ...}, :white)
    lib/hermes_trictrac/training/trictrac_bridge.ex:972: anonymous fn/4 in HermesTrictrac.Training.TrictracBridge.current_turn_best_leaf/4
    lib/hermes_trictrac/training/trictrac_bridge.ex:1229: HermesTrictrac.Training.TrictracBridge.memoized/3
    lib/hermes_trictrac/training/trictrac_bridge.ex:1009: anonymous fn/4 in HermesTrictrac.Training.TrictracBridge.current_turn_value/4
    lib/hermes_trictrac/training/trictrac_bridge.ex:1229: HermesTrictrac.Training.TrictracBridge.memoized/3
    lib/hermes_trictrac/training/trictrac_bridge.ex:950: anonymous fn/5 in HermesTrictrac.Training.TrictracBridge.projected_roll_runtime/4
    (elixir 1.19.5) lib/task/supervised.ex:105: Task.Supervised.invoke_mfa/2
    (elixir 1.19.5) lib/task/supervised.ex:40: Task.Supervised.reply/4
Function: &:erlang.apply/2
    Args: [#Function<12.112705815/1 in HermesTrictrac.Training.TrictracBridge.dice_class_results/3>, [{1, 6, 0.05555555555555555}]]

20:42:53.443 [notice] SIGTERM received - shutting down

